<?xml version="1.0" encoding="utf-8" standalone="no"?>
<!--This file represents the results of running a test suite-->
<test-results name="D:\SoftwareProcessManagement\tiengviet4-nhom16-20\8. Source Code\TiengViet4\UnitTest\bin\Debug\UnitTest.dll" total="1" errors="0" failures="0" not-run="0" inconclusive="0" ignored="0" skipped="0" invalid="0" date="2010-05-13" time="09:14:37">
  <environment nunit-version="2.5.5.10112" clr-version="2.0.50727.4927" os-version="Microsoft Windows NT 6.1.7600.0" platform="Win32NT" cwd="C:\Program Files\NUnit 2.5.5\bin\net-2.0" machine-name="PHUONGQUY" user="Lion" user-domain="PhuongQuy" />
  <culture-info current-culture="vi-VN" current-uiculture="en-US" />
  <test-suite type="Assembly" name="D:\SoftwareProcessManagement\tiengviet4-nhom16-20\8. Source Code\TiengViet4\UnitTest\bin\Debug\UnitTest.dll" executed="True" result="Success" success="True" time="0.066" asserts="0">
    <results>
      <test-suite type="Namespace" name="UnitTest" executed="True" result="Success" success="True" time="0.058" asserts="0">
        <results>
          <test-suite type="TestFixture" name="UnitTestChinhTa" executed="True" result="Success" success="True" time="0.057" asserts="0">
            <results>
              <test-case name="UnitTest.UnitTestChinhTa.LayNoiDungFile" executed="True" result="Success" success="True" time="0.051" asserts="1" />
            </results>
          </test-suite>
        </results>
      </test-suite>
    </results>
  </test-suite>
</test-results>